1539723940051	mozrunner::runner	INFO	Running command: "/Applications/Firefox.app/Contents/MacOS/firefox-bin" "-marionette" "-foreground" "-no-remote" "-profile" "/var/folders/11/hdpncwf910b1xv16tv62n7s40000gn/T/rust_mozprofile.VOsGZ8jlkknW"
2018-10-16 14:05:47.174 plugin-container[7112:6028155] *** CFMessagePort: bootstrap_register(): failed 1100 (0x44c) 'Permission denied', port = 0x8d3f, name = 'com.apple.tsm.portname'
See /usr/include/servers/bootstrap_defs.h for the error codes.
2018-10-16 14:05:47.495 plugin-container[7114:6028188] *** CFMessagePort: bootstrap_register(): failed 1100 (0x44c) 'Permission denied', port = 0x8a43, name = 'com.apple.tsm.portname'
See /usr/include/servers/bootstrap_defs.h for the error codes.
1539723947916	Marionette	INFO	Listening on port 55574
2018-10-16 14:05:48.470 plugin-container[7115:6028371] *** CFMessagePort: bootstrap_register(): failed 1100 (0x44c) 'Permission denied', port = 0x7247, name = 'com.apple.tsm.portname'
See /usr/include/servers/bootstrap_defs.h for the error codes.
2018-10-16 14:05:56.095 plugin-container[7121:6028556] *** CFMessagePort: bootstrap_register(): failed 1100 (0x44c) 'Permission denied', port = 0x8f43, name = 'com.apple.tsm.portname'
See /usr/include/servers/bootstrap_defs.h for the error codes.
1539723958527	mozrunner::runner	INFO	Running command: "/Applications/Firefox.app/Contents/MacOS/firefox-bin" "-marionette" "-foreground" "-no-remote" "-profile" "/var/folders/11/hdpncwf910b1xv16tv62n7s40000gn/T/rust_mozprofile.w3zSWFTNISbR"
2018-10-16 14:06:00.146 plugin-container[7131:6028826] *** CFMessagePort: bootstrap_register(): failed 1100 (0x44c) 'Permission denied', port = 0x7243, name = 'com.apple.tsm.portname'
See /usr/include/servers/bootstrap_defs.h for the error codes.
2018-10-16 14:06:00.437 plugin-container[7132:6028848] *** CFMessagePort: bootstrap_register(): failed 1100 (0x44c) 'Permission denied', port = 0x6e3f, name = 'com.apple.tsm.portname'
See /usr/include/servers/bootstrap_defs.h for the error codes.
1539723960858	Marionette	INFO	Listening on port 55597
1539723960886	Marionette	WARN	TLS certificate errors will be ignored for this session
1539723960950	Marionette	DEBUG	[4294967297] Frame script loaded
1539723960951	Marionette	DEBUG	[4294967297] Frame script registered
1539723960980	Marionette	DEBUG	[4294967297] Received DOM event beforeunload for about:blank
1539723961279	Marionette	DEBUG	[4294967297] Received DOM event pagehide for about:blank
1539723961463	Marionette	DEBUG	[4294967297] Received DOM event DOMContentLoaded for https://www.google.com/?gws_rd=ssl
2018-10-16 14:06:01.546 plugin-container[7133:6028976] *** CFMessagePort: bootstrap_register(): failed 1100 (0x44c) 'Permission denied', port = 0x8a43, name = 'com.apple.tsm.portname'
See /usr/include/servers/bootstrap_defs.h for the error codes.
1539723962032	Marionette	DEBUG	[4294967297] Received DOM event pageshow for https://www.google.com/?gws_rd=ssl
1539723967048	Marionette	DEBUG	[4294967297] Received DOM event beforeunload for https://www.google.com/?gws_rd=ssl
1539723967192	Marionette	DEBUG	[4294967297] Received DOM event pagehide for https://www.google.com/?gws_rd=ssl
1539723967197	Marionette	DEBUG	[4294967297] Received DOM event unload for https://www.google.com/?gws_rd=ssl
1539723967299	Marionette	DEBUG	[4294967297] Received DOM event DOMContentLoaded for https://www.google.com/?gws_rd=ssl
1539723967849	Marionette	DEBUG	[4294967297] Received DOM event pageshow for https://www.google.com/?gws_rd=ssl
1539723972880	Marionette	DEBUG	[4294967297] Received DOM event beforeunload for https://www.google.com/?gws_rd=ssl
1539723972992	Marionette	DEBUG	[4294967297] Received DOM event pagehide for https://www.google.com/?gws_rd=ssl
1539723972994	Marionette	DEBUG	[4294967297] Received DOM event unload for https://www.google.com/?gws_rd=ssl
1539723973091	Marionette	DEBUG	[4294967297] Received DOM event DOMContentLoaded for https://www.google.com/?gws_rd=ssl
1539723973516	Marionette	DEBUG	[4294967297] Received DOM event pageshow for https://www.google.com/?gws_rd=ssl
1539723974775	Marionette	DEBUG	[6442450945] Frame script loaded
1539723974778	Marionette	DEBUG	[6442450945] Frame script registered
1539723974829	Marionette	DEBUG	[6442450947] Frame script loaded
1539723974832	Marionette	DEBUG	[6442450947] Frame script registered
1539723975914	Marionette	DEBUG	[6442450951] Frame script loaded
1539723975915	Marionette	DEBUG	[6442450951] Frame script registered
2018-10-16 14:06:16.171 plugin-container[7148:6029437] *** CFMessagePort: bootstrap_register(): failed 1100 (0x44c) 'Permission denied', port = 0x7043, name = 'com.apple.tsm.portname'
See /usr/include/servers/bootstrap_defs.h for the error codes.
1539723977516	Marionette	DEBUG	[6442450954] Frame script loaded
1539723977534	Marionette	DEBUG	[6442450954] Frame script registered
1539724000745	Marionette	INFO	Stopped listening on port 55597
1539724003411	Marionette	INFO	Stopped listening on port 55574
